<?xml version="1.0" encoding="UTF-8"?>
<!-- Generated by org.testng.reporters.JUnitReportReporter -->
<testsuite hostname="Max-PC" failures="0" tests="7" name="test.rutkouski.task1.service.ArrayServiceTest" time="0.031" errors="0" timestamp="2021-10-09T18:33:57 EET" skipped="0">
  <testcase classname="test.rutkouski.task1.service.ArrayServiceTest" name="defineQuantityOfNegativeTest" time="0.001"/>
  <system-out/>
  <testcase classname="test.rutkouski.task1.service.ArrayServiceTest" name="changeNegativeToPositiveTest" time="0.019"/>
  <system-out/>
  <testcase classname="test.rutkouski.task1.service.ArrayServiceTest" name="findMinValueTest" time="0.003"/>
  <system-out/>
  <testcase classname="test.rutkouski.task1.service.ArrayServiceTest" name="defineAverageValueTest" time="0.003"/>
  <system-out/>
  <testcase classname="test.rutkouski.task1.service.ArrayServiceTest" name="sumAllTest" time="0.001"/>
  <system-out/>
  <testcase classname="test.rutkouski.task1.service.ArrayServiceTest" name="defineQuantityOfPositiveTest" time="0.002"/>
  <system-out/>
  <testcase classname="test.rutkouski.task1.service.ArrayServiceTest" name="findMaxValueTest" time="0.002"/>
  <system-out/>
</testsuite> <!-- test.rutkouski.task1.service.ArrayServiceTest -->
