<?xml version="1.0" encoding="UTF-8"?>
<!-- Generated by org.testng.reporters.JUnitReportReporter -->
<testsuite hostname="Max-PC" failures="0" tests="7" name="test.rutkouski.task1.service.ArrayServiceStreamImplTest" time="0.032" errors="0" timestamp="2021-10-09T19:05:27 EET" skipped="0">
  <testcase classname="test.rutkouski.task1.service.ArrayServiceStreamImplTest" name="defineAverageValueTest" time="0.003"/>
  <system-out/>
  <testcase classname="test.rutkouski.task1.service.ArrayServiceStreamImplTest" name="defineQuantityOfNegativeTest" time="0.003"/>
  <system-out/>
  <testcase classname="test.rutkouski.task1.service.ArrayServiceStreamImplTest" name="findMinValueTest" time="0.002"/>
  <system-out/>
  <testcase classname="test.rutkouski.task1.service.ArrayServiceStreamImplTest" name="changeNegativeToPositiveTest" time="0.018"/>
  <system-out/>
  <testcase classname="test.rutkouski.task1.service.ArrayServiceStreamImplTest" name="findMaxValueTest" time="0.002"/>
  <system-out/>
  <testcase classname="test.rutkouski.task1.service.ArrayServiceStreamImplTest" name="defineQuantityOfPositiveTest" time="0.002"/>
  <system-out/>
  <testcase classname="test.rutkouski.task1.service.ArrayServiceStreamImplTest" name="sumAllTest" time="0.002"/>
  <system-out/>
</testsuite> <!-- test.rutkouski.task1.service.ArrayServiceStreamImplTest -->
