<?xml version="1.0" encoding="UTF-8"?>
<!-- Generated by org.testng.reporters.JUnitReportReporter -->
<testsuite hostname="Max-PC" failures="0" tests="4" name="test.rutkouski.task1.service.ArraySortServiceTest" time="0.077" errors="0" timestamp="2021-10-11T16:40:53 EET" skipped="0">
  <testcase classname="test.rutkouski.task1.service.ArraySortServiceTest" name="bubleSortTest" time="0.001"/>
  <system-out/>
  <testcase classname="test.rutkouski.task1.service.ArraySortServiceTest" name="insertionSortTest" time="0.001"/>
  <system-out/>
  <testcase classname="test.rutkouski.task1.service.ArraySortServiceTest" name="selectionSortTest" time="0.015"/>
  <system-out/>
  <testcase classname="test.rutkouski.task1.service.ArraySortServiceTest" name="arraySortIntStreamTest" time="0.060"/>
  <system-out/>
</testsuite> <!-- test.rutkouski.task1.service.ArraySortServiceTest -->
