<?xml version="1.0" encoding="UTF-8"?>
<!-- Generated by org.testng.reporters.JUnitReportReporter -->
<testsuite hostname="Max-PC" failures="0" tests="3" name="test.rutkouski.task1.reader.LineFileReaderTest" time="0.369" errors="0" timestamp="2021-10-11T20:29:40 EET" skipped="0">
  <testcase classname="test.rutkouski.task1.reader.LineFileReaderTest" name="readFileLinesTestCorrect" time="0.354"/>
  <system-out/>
  <testcase classname="test.rutkouski.task1.reader.LineFileReaderTest" name="readFileLinesTestNullPointerException" time="0.002"/>
  <system-out/>
  <testcase classname="test.rutkouski.task1.reader.LineFileReaderTest" name="readFileLinesTestFileNotExists" time="0.013"/>
  <system-out/>
</testsuite> <!-- test.rutkouski.task1.reader.LineFileReaderTest -->
