<?xml version="1.0" encoding="UTF-8"?>
<!-- Generated by org.testng.reporters.JUnitReportReporter -->
<testsuite hostname="Max-PC" failures="0" tests="2" name="test.rutkouski.task1.validator.StringLineValidatorTest" time="0.009" errors="0" timestamp="2021-10-09T13:16:15 EET" skipped="0">
  <testcase classname="test.rutkouski.task1.validator.StringLineValidatorTest" name="validateIntTestNegative" time="0.008"/>
  <system-out/>
  <testcase classname="test.rutkouski.task1.validator.StringLineValidatorTest" name="validateIntTestPositive" time="0.001"/>
  <system-out/>
</testsuite> <!-- test.rutkouski.task1.validator.StringLineValidatorTest -->
