<?xml version="1.0" encoding="UTF-8"?>
<!-- Generated by org.testng.reporters.JUnitReportReporter -->
<testsuite hostname="Max-PC" failures="0" tests="1" name="test.rutkouski.task1.service.impl.ArrayServiceImplTest" time="0.373" errors="0" timestamp="2021-10-09T12:52:23 EET" skipped="0">
  <testcase classname="test.rutkouski.task1.service.impl.ArrayServiceImplTest" name="findMinValueTest" time="0.373"/>
  <system-out/>
</testsuite> <!-- test.rutkouski.task1.service.impl.ArrayServiceImplTest -->
